<?xml version="1.0" encoding="UTF-8"?>
<testsuite name="tourGuide.TestTourGuideService" tests="8" skipped="0" failures="4" errors="0" timestamp="2022-08-31T09:54:31" hostname="DESKTOP-SUJD6MH" time="0.243">
  <properties/>
  <testcase name="getUserLocation()" classname="tourGuide.TestTourGuideService" time="0.057">
    <failure message="java.util.concurrent.CompletionException: feign.RetryableException: Connection refused: connect executing GET http://localhost:8181/gps/userLocation/c69bf6b6-7622-4c00-a491-81d60b8613fd" type="java.util.concurrent.CompletionException">java.util.concurrent.CompletionException: feign.RetryableException: Connection refused: connect executing GET http://localhost:8181/gps/userLocation/c69bf6b6-7622-4c00-a491-81d60b8613fd
	at java.base/java.util.concurrent.CompletableFuture.encodeThrowable(CompletableFuture.java:314)
	at java.base/java.util.concurrent.CompletableFuture.completeThrowable(CompletableFuture.java:319)
	at java.base/java.util.concurrent.CompletableFuture$AsyncSupply.run(CompletableFuture.java:1702)
	at java.base/java.util.concurrent.ThreadPoolExecutor.runWorker(ThreadPoolExecutor.java:1128)
	at java.base/java.util.concurrent.ThreadPoolExecutor$Worker.run(ThreadPoolExecutor.java:628)
	at java.base/java.lang.Thread.run(Thread.java:829)
Caused by: feign.RetryableException: Connection refused: connect executing GET http://localhost:8181/gps/userLocation/c69bf6b6-7622-4c00-a491-81d60b8613fd
	at app//feign.FeignException.errorExecuting(FeignException.java:268)
	at app//feign.SynchronousMethodHandler.executeAndDecode(SynchronousMethodHandler.java:129)
	at app//feign.SynchronousMethodHandler.invoke(SynchronousMethodHandler.java:89)
	at app//feign.ReflectiveFeign$FeignInvocationHandler.invoke(ReflectiveFeign.java:100)
	at app//com.sun.proxy.$Proxy80.getUserLocation(Unknown Source)
	at app//tourGuide.service.TourGuideService.getUserLocation(TourGuideService.java:56)
	at app//tourGuide.service.TourGuideService.lambda$trackUserLocation$2(TourGuideService.java:109)
	at java.base@11.0.16.1/java.util.concurrent.CompletableFuture$AsyncSupply.run(CompletableFuture.java:1700)
	... 3 more
Caused by: java.net.ConnectException: Connection refused: connect
	at java.base/java.net.PlainSocketImpl.waitForConnect(Native Method)
	at java.base/java.net.PlainSocketImpl.socketConnect(PlainSocketImpl.java:107)
	at java.base/java.net.AbstractPlainSocketImpl.doConnect(AbstractPlainSocketImpl.java:412)
	at java.base/java.net.AbstractPlainSocketImpl.connectToAddress(AbstractPlainSocketImpl.java:255)
	at java.base/java.net.AbstractPlainSocketImpl.connect(AbstractPlainSocketImpl.java:237)
	at java.base/java.net.Socket.connect(Socket.java:609)
	at java.base/sun.net.NetworkClient.doConnect(NetworkClient.java:177)
	at java.base/sun.net.www.http.HttpClient.openServer(HttpClient.java:508)
	at java.base/sun.net.www.http.HttpClient.openServer(HttpClient.java:603)
	at java.base/sun.net.www.http.HttpClient.&lt;init&gt;(HttpClient.java:276)
	at java.base/sun.net.www.http.HttpClient.New(HttpClient.java:375)
	at java.base/sun.net.www.http.HttpClient.New(HttpClient.java:396)
	at java.base/sun.net.www.protocol.http.HttpURLConnection.getNewHttpClient(HttpURLConnection.java:1253)
	at java.base/sun.net.www.protocol.http.HttpURLConnection.plainConnect0(HttpURLConnection.java:1187)
	at java.base/sun.net.www.protocol.http.HttpURLConnection.plainConnect(HttpURLConnection.java:1081)
	at java.base/sun.net.www.protocol.http.HttpURLConnection.connect(HttpURLConnection.java:1015)
	at java.base/sun.net.www.protocol.http.HttpURLConnection.getInputStream0(HttpURLConnection.java:1592)
	at java.base/sun.net.www.protocol.http.HttpURLConnection.getInputStream(HttpURLConnection.java:1520)
	at java.base/java.net.HttpURLConnection.getResponseCode(HttpURLConnection.java:527)
	at feign.Client$Default.convertResponse(Client.java:109)
	at feign.Client$Default.execute(Client.java:105)
	at feign.SynchronousMethodHandler.executeAndDecode(SynchronousMethodHandler.java:119)
	... 9 more
</failure>
  </testcase>
  <testcase name="addUser()" classname="tourGuide.TestTourGuideService" time="0.028"/>
  <testcase name="getTripDeals()" classname="tourGuide.TestTourGuideService" time="0.057">
    <failure message="feign.RetryableException: Connection refused: connect executing GET http://localhost:8182/price/test-server-api-key/caef20f5-b8e6-4a46-8b27-df6a2454e8b0/1/0/1/0" type="feign.RetryableException">feign.RetryableException: Connection refused: connect executing GET http://localhost:8182/price/test-server-api-key/caef20f5-b8e6-4a46-8b27-df6a2454e8b0/1/0/1/0
	at app//feign.FeignException.errorExecuting(FeignException.java:268)
	at app//feign.SynchronousMethodHandler.executeAndDecode(SynchronousMethodHandler.java:129)
	at app//feign.SynchronousMethodHandler.invoke(SynchronousMethodHandler.java:89)
	at app//feign.ReflectiveFeign$FeignInvocationHandler.invoke(ReflectiveFeign.java:100)
	at app//com.sun.proxy.$Proxy82.getPrice(Unknown Source)
	at app//tourGuide.service.TourGuideService.getPrice(TourGuideService.java:59)
	at app//tourGuide.service.TourGuideService.getTripDeals(TourGuideService.java:103)
	at app//tourGuide.TestTourGuideService.getTripDeals(TestTourGuideService.java:184)
	at java.base@11.0.16.1/jdk.internal.reflect.NativeMethodAccessorImpl.invoke0(Native Method)
	at java.base@11.0.16.1/jdk.internal.reflect.NativeMethodAccessorImpl.invoke(NativeMethodAccessorImpl.java:62)
	at java.base@11.0.16.1/jdk.internal.reflect.DelegatingMethodAccessorImpl.invoke(DelegatingMethodAccessorImpl.java:43)
	at java.base@11.0.16.1/java.lang.reflect.Method.invoke(Method.java:566)
	at app//org.junit.platform.commons.util.ReflectionUtils.invokeMethod(ReflectionUtils.java:725)
	at app//org.junit.jupiter.engine.execution.MethodInvocation.proceed(MethodInvocation.java:60)
	at app//org.junit.jupiter.engine.execution.InvocationInterceptorChain$ValidatingInvocation.proceed(InvocationInterceptorChain.java:131)
	at app//org.junit.jupiter.engine.extension.TimeoutExtension.intercept(TimeoutExtension.java:156)
	at app//org.junit.jupiter.engine.extension.TimeoutExtension.interceptTestableMethod(TimeoutExtension.java:147)
	at app//org.junit.jupiter.engine.extension.TimeoutExtension.interceptTestMethod(TimeoutExtension.java:86)
	at app//org.junit.jupiter.engine.execution.InterceptingExecutableInvoker$ReflectiveInterceptorCall.lambda$ofVoidMethod$0(InterceptingExecutableInvoker.java:103)
	at app//org.junit.jupiter.engine.execution.InterceptingExecutableInvoker.lambda$invoke$0(InterceptingExecutableInvoker.java:93)
	at app//org.junit.jupiter.engine.execution.InvocationInterceptorChain$InterceptedInvocation.proceed(InvocationInterceptorChain.java:106)
	at app//org.junit.jupiter.engine.execution.InvocationInterceptorChain.proceed(InvocationInterceptorChain.java:64)
	at app//org.junit.jupiter.engine.execution.InvocationInterceptorChain.chainAndInvoke(InvocationInterceptorChain.java:45)
	at app//org.junit.jupiter.engine.execution.InvocationInterceptorChain.invoke(InvocationInterceptorChain.java:37)
	at app//org.junit.jupiter.engine.execution.InterceptingExecutableInvoker.invoke(InterceptingExecutableInvoker.java:92)
	at app//org.junit.jupiter.engine.execution.InterceptingExecutableInvoker.invoke(InterceptingExecutableInvoker.java:86)
	at app//org.junit.jupiter.engine.descriptor.TestMethodTestDescriptor.lambda$invokeTestMethod$7(TestMethodTestDescriptor.java:217)
	at app//org.junit.platform.engine.support.hierarchical.ThrowableCollector.execute(ThrowableCollector.java:73)
	at app//org.junit.jupiter.engine.descriptor.TestMethodTestDescriptor.invokeTestMethod(TestMethodTestDescriptor.java:213)
	at app//org.junit.jupiter.engine.descriptor.TestMethodTestDescriptor.execute(TestMethodTestDescriptor.java:138)
	at app//org.junit.jupiter.engine.descriptor.TestMethodTestDescriptor.execute(TestMethodTestDescriptor.java:68)
	at app//org.junit.platform.engine.support.hierarchical.NodeTestTask.lambda$executeRecursively$6(NodeTestTask.java:151)
	at app//org.junit.platform.engine.support.hierarchical.ThrowableCollector.execute(ThrowableCollector.java:73)
	at app//org.junit.platform.engine.support.hierarchical.NodeTestTask.lambda$executeRecursively$8(NodeTestTask.java:141)
	at app//org.junit.platform.engine.support.hierarchical.Node.around(Node.java:137)
	at app//org.junit.platform.engine.support.hierarchical.NodeTestTask.lambda$executeRecursively$9(NodeTestTask.java:139)
	at app//org.junit.platform.engine.support.hierarchical.ThrowableCollector.execute(ThrowableCollector.java:73)
	at app//org.junit.platform.engine.support.hierarchical.NodeTestTask.executeRecursively(NodeTestTask.java:138)
	at app//org.junit.platform.engine.support.hierarchical.NodeTestTask.execute(NodeTestTask.java:95)
	at java.base@11.0.16.1/java.util.ArrayList.forEach(ArrayList.java:1541)
	at app//org.junit.platform.engine.support.hierarchical.SameThreadHierarchicalTestExecutorService.invokeAll(SameThreadHierarchicalTestExecutorService.java:41)
	at app//org.junit.platform.engine.support.hierarchical.NodeTestTask.lambda$executeRecursively$6(NodeTestTask.java:155)
	at app//org.junit.platform.engine.support.hierarchical.ThrowableCollector.execute(ThrowableCollector.java:73)
	at app//org.junit.platform.engine.support.hierarchical.NodeTestTask.lambda$executeRecursively$8(NodeTestTask.java:141)
	at app//org.junit.platform.engine.support.hierarchical.Node.around(Node.java:137)
	at app//org.junit.platform.engine.support.hierarchical.NodeTestTask.lambda$executeRecursively$9(NodeTestTask.java:139)
	at app//org.junit.platform.engine.support.hierarchical.ThrowableCollector.execute(ThrowableCollector.java:73)
	at app//org.junit.platform.engine.support.hierarchical.NodeTestTask.executeRecursively(NodeTestTask.java:138)
	at app//org.junit.platform.engine.support.hierarchical.NodeTestTask.execute(NodeTestTask.java:95)
	at java.base@11.0.16.1/java.util.ArrayList.forEach(ArrayList.java:1541)
	at app//org.junit.platform.engine.support.hierarchical.SameThreadHierarchicalTestExecutorService.invokeAll(SameThreadHierarchicalTestExecutorService.java:41)
	at app//org.junit.platform.engine.support.hierarchical.NodeTestTask.lambda$executeRecursively$6(NodeTestTask.java:155)
	at app//org.junit.platform.engine.support.hierarchical.ThrowableCollector.execute(ThrowableCollector.java:73)
	at app//org.junit.platform.engine.support.hierarchical.NodeTestTask.lambda$executeRecursively$8(NodeTestTask.java:141)
	at app//org.junit.platform.engine.support.hierarchical.Node.around(Node.java:137)
	at app//org.junit.platform.engine.support.hierarchical.NodeTestTask.lambda$executeRecursively$9(NodeTestTask.java:139)
	at app//org.junit.platform.engine.support.hierarchical.ThrowableCollector.execute(ThrowableCollector.java:73)
	at app//org.junit.platform.engine.support.hierarchical.NodeTestTask.executeRecursively(NodeTestTask.java:138)
	at app//org.junit.platform.engine.support.hierarchical.NodeTestTask.execute(NodeTestTask.java:95)
	at app//org.junit.platform.engine.support.hierarchical.SameThreadHierarchicalTestExecutorService.submit(SameThreadHierarchicalTestExecutorService.java:35)
	at app//org.junit.platform.engine.support.hierarchical.HierarchicalTestExecutor.execute(HierarchicalTestExecutor.java:57)
	at app//org.junit.platform.engine.support.hierarchical.HierarchicalTestEngine.execute(HierarchicalTestEngine.java:54)
	at org.junit.platform.launcher.core.EngineExecutionOrchestrator.execute(EngineExecutionOrchestrator.java:107)
	at org.junit.platform.launcher.core.EngineExecutionOrchestrator.execute(EngineExecutionOrchestrator.java:88)
	at org.junit.platform.launcher.core.EngineExecutionOrchestrator.lambda$execute$0(EngineExecutionOrchestrator.java:54)
	at org.junit.platform.launcher.core.EngineExecutionOrchestrator.withInterceptedStreams(EngineExecutionOrchestrator.java:67)
	at org.junit.platform.launcher.core.EngineExecutionOrchestrator.execute(EngineExecutionOrchestrator.java:52)
	at org.junit.platform.launcher.core.DefaultLauncher.execute(DefaultLauncher.java:114)
	at org.junit.platform.launcher.core.DefaultLauncher.execute(DefaultLauncher.java:86)
	at org.junit.platform.launcher.core.DefaultLauncherSession$DelegatingLauncher.execute(DefaultLauncherSession.java:86)
	at org.junit.platform.launcher.core.SessionPerRequestLauncher.execute(SessionPerRequestLauncher.java:53)
	at org.gradle.api.internal.tasks.testing.junitplatform.JUnitPlatformTestClassProcessor$CollectAllTestClassesExecutor.processAllTestClasses(JUnitPlatformTestClassProcessor.java:99)
	at org.gradle.api.internal.tasks.testing.junitplatform.JUnitPlatformTestClassProcessor$CollectAllTestClassesExecutor.access$000(JUnitPlatformTestClassProcessor.java:79)
	at org.gradle.api.internal.tasks.testing.junitplatform.JUnitPlatformTestClassProcessor.stop(JUnitPlatformTestClassProcessor.java:75)
	at org.gradle.api.internal.tasks.testing.SuiteTestClassProcessor.stop(SuiteTestClassProcessor.java:61)
	at java.base@11.0.16.1/jdk.internal.reflect.NativeMethodAccessorImpl.invoke0(Native Method)
	at java.base@11.0.16.1/jdk.internal.reflect.NativeMethodAccessorImpl.invoke(NativeMethodAccessorImpl.java:62)
	at java.base@11.0.16.1/jdk.internal.reflect.DelegatingMethodAccessorImpl.invoke(DelegatingMethodAccessorImpl.java:43)
	at java.base@11.0.16.1/java.lang.reflect.Method.invoke(Method.java:566)
	at org.gradle.internal.dispatch.ReflectionDispatch.dispatch(ReflectionDispatch.java:36)
	at org.gradle.internal.dispatch.ReflectionDispatch.dispatch(ReflectionDispatch.java:24)
	at org.gradle.internal.dispatch.ContextClassLoaderDispatch.dispatch(ContextClassLoaderDispatch.java:33)
	at org.gradle.internal.dispatch.ProxyDispatchAdapter$DispatchingInvocationHandler.invoke(ProxyDispatchAdapter.java:94)
	at com.sun.proxy.$Proxy5.stop(Unknown Source)
	at org.gradle.api.internal.tasks.testing.worker.TestWorker$3.run(TestWorker.java:193)
	at org.gradle.api.internal.tasks.testing.worker.TestWorker.executeAndMaintainThreadName(TestWorker.java:129)
	at org.gradle.api.internal.tasks.testing.worker.TestWorker.execute(TestWorker.java:100)
	at org.gradle.api.internal.tasks.testing.worker.TestWorker.execute(TestWorker.java:60)
	at org.gradle.process.internal.worker.child.ActionExecutionWorker.execute(ActionExecutionWorker.java:56)
	at org.gradle.process.internal.worker.child.SystemApplicationClassLoaderWorker.call(SystemApplicationClassLoaderWorker.java:133)
	at org.gradle.process.internal.worker.child.SystemApplicationClassLoaderWorker.call(SystemApplicationClassLoaderWorker.java:71)
	at app//worker.org.gradle.process.internal.worker.GradleWorkerMain.run(GradleWorkerMain.java:69)
	at app//worker.org.gradle.process.internal.worker.GradleWorkerMain.main(GradleWorkerMain.java:74)
Caused by: java.net.ConnectException: Connection refused: connect
	at java.base/java.net.PlainSocketImpl.waitForConnect(Native Method)
	at java.base/java.net.PlainSocketImpl.socketConnect(PlainSocketImpl.java:107)
	at java.base/java.net.AbstractPlainSocketImpl.doConnect(AbstractPlainSocketImpl.java:412)
	at java.base/java.net.AbstractPlainSocketImpl.connectToAddress(AbstractPlainSocketImpl.java:255)
	at java.base/java.net.AbstractPlainSocketImpl.connect(AbstractPlainSocketImpl.java:237)
	at java.base/java.net.Socket.connect(Socket.java:609)
	at java.base/sun.net.NetworkClient.doConnect(NetworkClient.java:177)
	at java.base/sun.net.www.http.HttpClient.openServer(HttpClient.java:508)
	at java.base/sun.net.www.http.HttpClient.openServer(HttpClient.java:603)
	at java.base/sun.net.www.http.HttpClient.&lt;init&gt;(HttpClient.java:276)
	at java.base/sun.net.www.http.HttpClient.New(HttpClient.java:375)
	at java.base/sun.net.www.http.HttpClient.New(HttpClient.java:396)
	at java.base/sun.net.www.protocol.http.HttpURLConnection.getNewHttpClient(HttpURLConnection.java:1253)
	at java.base/sun.net.www.protocol.http.HttpURLConnection.plainConnect0(HttpURLConnection.java:1187)
	at java.base/sun.net.www.protocol.http.HttpURLConnection.plainConnect(HttpURLConnection.java:1081)
	at java.base/sun.net.www.protocol.http.HttpURLConnection.connect(HttpURLConnection.java:1015)
	at java.base/sun.net.www.protocol.http.HttpURLConnection.getInputStream0(HttpURLConnection.java:1592)
	at java.base/sun.net.www.protocol.http.HttpURLConnection.getInputStream(HttpURLConnection.java:1520)
	at java.base/java.net.HttpURLConnection.getResponseCode(HttpURLConnection.java:527)
	at feign.Client$Default.convertResponse(Client.java:109)
	at feign.Client$Default.execute(Client.java:105)
	at feign.SynchronousMethodHandler.executeAndDecode(SynchronousMethodHandler.java:119)
	... 91 more
</failure>
  </testcase>
  <testcase name="getAllUsers()" classname="tourGuide.TestTourGuideService" time="0.01"/>
  <testcase name="testGetAllCurrentLocations()" classname="tourGuide.TestTourGuideService" time="0.017"/>
  <testcase name="trackUser()" classname="tourGuide.TestTourGuideService" time="0.014">
    <failure message="java.util.concurrent.CompletionException: feign.RetryableException: Connection refused: connect executing GET http://localhost:8181/gps/userLocation/c3c498f4-469b-4565-9864-7345816e3405" type="java.util.concurrent.CompletionException">java.util.concurrent.CompletionException: feign.RetryableException: Connection refused: connect executing GET http://localhost:8181/gps/userLocation/c3c498f4-469b-4565-9864-7345816e3405
	at java.base/java.util.concurrent.CompletableFuture.encodeThrowable(CompletableFuture.java:314)
	at java.base/java.util.concurrent.CompletableFuture.completeThrowable(CompletableFuture.java:319)
	at java.base/java.util.concurrent.CompletableFuture$AsyncSupply.run(CompletableFuture.java:1702)
	at java.base/java.util.concurrent.ThreadPoolExecutor.runWorker(ThreadPoolExecutor.java:1128)
	at java.base/java.util.concurrent.ThreadPoolExecutor$Worker.run(ThreadPoolExecutor.java:628)
	at java.base/java.lang.Thread.run(Thread.java:829)
Caused by: feign.RetryableException: Connection refused: connect executing GET http://localhost:8181/gps/userLocation/c3c498f4-469b-4565-9864-7345816e3405
	at app//feign.FeignException.errorExecuting(FeignException.java:268)
	at app//feign.SynchronousMethodHandler.executeAndDecode(SynchronousMethodHandler.java:129)
	at app//feign.SynchronousMethodHandler.invoke(SynchronousMethodHandler.java:89)
	at app//feign.ReflectiveFeign$FeignInvocationHandler.invoke(ReflectiveFeign.java:100)
	at app//com.sun.proxy.$Proxy80.getUserLocation(Unknown Source)
	at app//tourGuide.service.TourGuideService.getUserLocation(TourGuideService.java:56)
	at app//tourGuide.service.TourGuideService.lambda$trackUserLocation$2(TourGuideService.java:109)
	at java.base@11.0.16.1/java.util.concurrent.CompletableFuture$AsyncSupply.run(CompletableFuture.java:1700)
	... 3 more
Caused by: java.net.ConnectException: Connection refused: connect
	at java.base/java.net.PlainSocketImpl.waitForConnect(Native Method)
	at java.base/java.net.PlainSocketImpl.socketConnect(PlainSocketImpl.java:107)
	at java.base/java.net.AbstractPlainSocketImpl.doConnect(AbstractPlainSocketImpl.java:412)
	at java.base/java.net.AbstractPlainSocketImpl.connectToAddress(AbstractPlainSocketImpl.java:255)
	at java.base/java.net.AbstractPlainSocketImpl.connect(AbstractPlainSocketImpl.java:237)
	at java.base/java.net.Socket.connect(Socket.java:609)
	at java.base/sun.net.NetworkClient.doConnect(NetworkClient.java:177)
	at java.base/sun.net.www.http.HttpClient.openServer(HttpClient.java:508)
	at java.base/sun.net.www.http.HttpClient.openServer(HttpClient.java:603)
	at java.base/sun.net.www.http.HttpClient.&lt;init&gt;(HttpClient.java:276)
	at java.base/sun.net.www.http.HttpClient.New(HttpClient.java:375)
	at java.base/sun.net.www.http.HttpClient.New(HttpClient.java:396)
	at java.base/sun.net.www.protocol.http.HttpURLConnection.getNewHttpClient(HttpURLConnection.java:1253)
	at java.base/sun.net.www.protocol.http.HttpURLConnection.plainConnect0(HttpURLConnection.java:1187)
	at java.base/sun.net.www.protocol.http.HttpURLConnection.plainConnect(HttpURLConnection.java:1081)
	at java.base/sun.net.www.protocol.http.HttpURLConnection.connect(HttpURLConnection.java:1015)
	at java.base/sun.net.www.protocol.http.HttpURLConnection.getInputStream0(HttpURLConnection.java:1592)
	at java.base/sun.net.www.protocol.http.HttpURLConnection.getInputStream(HttpURLConnection.java:1520)
	at java.base/java.net.HttpURLConnection.getResponseCode(HttpURLConnection.java:527)
	at feign.Client$Default.convertResponse(Client.java:109)
	at feign.Client$Default.execute(Client.java:105)
	at feign.SynchronousMethodHandler.executeAndDecode(SynchronousMethodHandler.java:119)
	... 9 more
</failure>
  </testcase>
  <testcase name="testUpdateUserPreferences()" classname="tourGuide.TestTourGuideService" time="0.012"/>
  <testcase name="getNearbyAttractions()" classname="tourGuide.TestTourGuideService" time="0.011">
    <failure message="java.util.concurrent.CompletionException: feign.RetryableException: Connection refused: connect executing GET http://localhost:8181/gps/userLocation/1665844d-3fae-4aca-a119-90a4d1ab7882" type="java.util.concurrent.CompletionException">java.util.concurrent.CompletionException: feign.RetryableException: Connection refused: connect executing GET http://localhost:8181/gps/userLocation/1665844d-3fae-4aca-a119-90a4d1ab7882
	at java.base/java.util.concurrent.CompletableFuture.encodeThrowable(CompletableFuture.java:314)
	at java.base/java.util.concurrent.CompletableFuture.completeThrowable(CompletableFuture.java:319)
	at java.base/java.util.concurrent.CompletableFuture$AsyncSupply.run(CompletableFuture.java:1702)
	at java.base/java.util.concurrent.ThreadPoolExecutor.runWorker(ThreadPoolExecutor.java:1128)
	at java.base/java.util.concurrent.ThreadPoolExecutor$Worker.run(ThreadPoolExecutor.java:628)
	at java.base/java.lang.Thread.run(Thread.java:829)
Caused by: feign.RetryableException: Connection refused: connect executing GET http://localhost:8181/gps/userLocation/1665844d-3fae-4aca-a119-90a4d1ab7882
	at app//feign.FeignException.errorExecuting(FeignException.java:268)
	at app//feign.SynchronousMethodHandler.executeAndDecode(SynchronousMethodHandler.java:129)
	at app//feign.SynchronousMethodHandler.invoke(SynchronousMethodHandler.java:89)
	at app//feign.ReflectiveFeign$FeignInvocationHandler.invoke(ReflectiveFeign.java:100)
	at app//com.sun.proxy.$Proxy80.getUserLocation(Unknown Source)
	at app//tourGuide.service.TourGuideService.getUserLocation(TourGuideService.java:56)
	at app//tourGuide.service.TourGuideService.lambda$trackUserLocation$2(TourGuideService.java:109)
	at java.base@11.0.16.1/java.util.concurrent.CompletableFuture$AsyncSupply.run(CompletableFuture.java:1700)
	... 3 more
Caused by: java.net.ConnectException: Connection refused: connect
	at java.base/java.net.PlainSocketImpl.waitForConnect(Native Method)
	at java.base/java.net.PlainSocketImpl.socketConnect(PlainSocketImpl.java:107)
	at java.base/java.net.AbstractPlainSocketImpl.doConnect(AbstractPlainSocketImpl.java:412)
	at java.base/java.net.AbstractPlainSocketImpl.connectToAddress(AbstractPlainSocketImpl.java:255)
	at java.base/java.net.AbstractPlainSocketImpl.connect(AbstractPlainSocketImpl.java:237)
	at java.base/java.net.Socket.connect(Socket.java:609)
	at java.base/sun.net.NetworkClient.doConnect(NetworkClient.java:177)
	at java.base/sun.net.www.http.HttpClient.openServer(HttpClient.java:508)
	at java.base/sun.net.www.http.HttpClient.openServer(HttpClient.java:603)
	at java.base/sun.net.www.http.HttpClient.&lt;init&gt;(HttpClient.java:276)
	at java.base/sun.net.www.http.HttpClient.New(HttpClient.java:375)
	at java.base/sun.net.www.http.HttpClient.New(HttpClient.java:396)
	at java.base/sun.net.www.protocol.http.HttpURLConnection.getNewHttpClient(HttpURLConnection.java:1253)
	at java.base/sun.net.www.protocol.http.HttpURLConnection.plainConnect0(HttpURLConnection.java:1187)
	at java.base/sun.net.www.protocol.http.HttpURLConnection.plainConnect(HttpURLConnection.java:1081)
	at java.base/sun.net.www.protocol.http.HttpURLConnection.connect(HttpURLConnection.java:1015)
	at java.base/sun.net.www.protocol.http.HttpURLConnection.getInputStream0(HttpURLConnection.java:1592)
	at java.base/sun.net.www.protocol.http.HttpURLConnection.getInputStream(HttpURLConnection.java:1520)
	at java.base/java.net.HttpURLConnection.getResponseCode(HttpURLConnection.java:527)
	at feign.Client$Default.convertResponse(Client.java:109)
	at feign.Client$Default.execute(Client.java:105)
	at feign.SynchronousMethodHandler.executeAndDecode(SynchronousMethodHandler.java:119)
	... 9 more
</failure>
  </testcase>
  <system-out><![CDATA[2022-08-31 11:54:31.561  INFO 10364 --- [    Test worker] .b.t.c.SpringBootTestContextBootstrapper : Neither @ContextConfiguration nor @ContextHierarchy found for test class [tourGuide.TestTourGuideService], using SpringBootContextLoader
2022-08-31 11:54:31.563  INFO 10364 --- [    Test worker] o.s.t.c.support.AbstractContextLoader    : Could not detect default resource locations for test class [tourGuide.TestTourGuideService]: no resource found for suffixes {-context.xml, Context.groovy}.
2022-08-31 11:54:31.564  INFO 10364 --- [    Test worker] t.c.s.AnnotationConfigContextLoaderUtils : Could not detect default configuration classes for test class [tourGuide.TestTourGuideService]: TestTourGuideService does not declare any static, non-private, non-final, nested classes annotated with @Configuration.
2022-08-31 11:54:31.569  INFO 10364 --- [    Test worker] .b.t.c.SpringBootTestContextBootstrapper : Found @SpringBootConfiguration tourGuide.Application for test class tourGuide.TestTourGuideService
2022-08-31 11:54:31.573  INFO 10364 --- [    Test worker] .b.t.c.SpringBootTestContextBootstrapper : Loaded default TestExecutionListener class names from location [META-INF/spring.factories]: [org.springframework.boot.test.autoconfigure.restdocs.RestDocsTestExecutionListener, org.springframework.boot.test.autoconfigure.web.client.MockRestServiceServerResetTestExecutionListener, org.springframework.boot.test.autoconfigure.web.servlet.MockMvcPrintOnlyOnFailureTestExecutionListener, org.springframework.boot.test.autoconfigure.web.servlet.WebDriverTestExecutionListener, org.springframework.boot.test.autoconfigure.webservices.client.MockWebServiceServerTestExecutionListener, org.springframework.boot.test.mock.mockito.MockitoTestExecutionListener, org.springframework.boot.test.mock.mockito.ResetMocksTestExecutionListener, org.springframework.test.context.web.ServletTestExecutionListener, org.springframework.test.context.support.DirtiesContextBeforeModesTestExecutionListener, org.springframework.test.context.event.ApplicationEventsTestExecutionListener, org.springframework.test.context.support.DependencyInjectionTestExecutionListener, org.springframework.test.context.support.DirtiesContextTestExecutionListener, org.springframework.test.context.transaction.TransactionalTestExecutionListener, org.springframework.test.context.jdbc.SqlScriptsTestExecutionListener, org.springframework.test.context.event.EventPublishingTestExecutionListener]
2022-08-31 11:54:31.576  INFO 10364 --- [    Test worker] .b.t.c.SpringBootTestContextBootstrapper : Using TestExecutionListeners: [org.springframework.test.context.web.ServletTestExecutionListener@3a077eb, org.springframework.test.context.support.DirtiesContextBeforeModesTestExecutionListener@72c3d4b8, org.springframework.test.context.event.ApplicationEventsTestExecutionListener@279da001, org.springframework.boot.test.mock.mockito.MockitoTestExecutionListener@2edcc5f0, org.springframework.boot.test.autoconfigure.SpringBootDependencyInjectionTestExecutionListener@2e43f0ef, org.springframework.test.context.support.DirtiesContextTestExecutionListener@4249978b, org.springframework.test.context.event.EventPublishingTestExecutionListener@81eba6b, org.springframework.boot.test.autoconfigure.restdocs.RestDocsTestExecutionListener@40250ddd, org.springframework.boot.test.autoconfigure.web.client.MockRestServiceServerResetTestExecutionListener@715059be, org.springframework.boot.test.autoconfigure.web.servlet.MockMvcPrintOnlyOnFailureTestExecutionListener@7f2b6dd0, org.springframework.boot.test.autoconfigure.web.servlet.WebDriverTestExecutionListener@21b5dbc, org.springframework.boot.test.autoconfigure.webservices.client.MockWebServiceServerTestExecutionListener@6ab8f3c7, org.springframework.boot.test.mock.mockito.ResetMocksTestExecutionListener@19d6da87]
2022-08-31 11:54:31.607  INFO 10364 --- [    Test worker] tourGuide.service.TourGuideService       : TestMode enabled
2022-08-31 11:54:31.609 DEBUG 10364 --- [    Test worker] tourGuide.service.TourGuideService       : Initializing users
2022-08-31 11:54:31.609 DEBUG 10364 --- [    Test worker] tourGuide.service.TourGuideService       : Created 0 internal test users.
2022-08-31 11:54:31.612 DEBUG 10364 --- [    Test worker] tourGuide.service.TourGuideService       : Finished initializing users
2022-08-31 11:54:31.620 DEBUG 10364 --- [ool-19-thread-1] tourGuide.tracker.Tracker                : Begin Tracker. Tracking 0 users.
2022-08-31 11:54:31.624 DEBUG 10364 --- [ool-19-thread-1] tourGuide.tracker.Tracker                : Tracker Time Elapsed: 0 seconds.
2022-08-31 11:54:31.624 DEBUG 10364 --- [ool-19-thread-1] tourGuide.tracker.Tracker                : Tracker sleeping
2022-08-31 11:54:31.660  INFO 10364 --- [    Test worker] tourGuide.service.TourGuideService       : TestMode enabled
2022-08-31 11:54:31.662 DEBUG 10364 --- [    Test worker] tourGuide.service.TourGuideService       : Initializing users
2022-08-31 11:54:31.662 DEBUG 10364 --- [    Test worker] tourGuide.service.TourGuideService       : Created 0 internal test users.
2022-08-31 11:54:31.663 DEBUG 10364 --- [    Test worker] tourGuide.service.TourGuideService       : Finished initializing users
2022-08-31 11:54:31.665 DEBUG 10364 --- [ool-22-thread-1] tourGuide.tracker.Tracker                : Tracker stopping
2022-08-31 11:54:31.698  INFO 10364 --- [    Test worker] tourGuide.service.TourGuideService       : TestMode enabled
2022-08-31 11:54:31.699 DEBUG 10364 --- [    Test worker] tourGuide.service.TourGuideService       : Initializing users
2022-08-31 11:54:31.699 DEBUG 10364 --- [    Test worker] tourGuide.service.TourGuideService       : Created 0 internal test users.
2022-08-31 11:54:31.699 DEBUG 10364 --- [    Test worker] tourGuide.service.TourGuideService       : Finished initializing users
2022-08-31 11:54:31.719 DEBUG 10364 --- [ool-25-thread-1] tourGuide.tracker.Tracker                : Begin Tracker. Tracking 0 users.
2022-08-31 11:54:31.720 DEBUG 10364 --- [ool-25-thread-1] tourGuide.tracker.Tracker                : Tracker Time Elapsed: 0 seconds.
2022-08-31 11:54:31.720 DEBUG 10364 --- [ool-25-thread-1] tourGuide.tracker.Tracker                : Tracker sleeping
2022-08-31 11:54:31.760  INFO 10364 --- [    Test worker] tourGuide.service.TourGuideService       : TestMode enabled
2022-08-31 11:54:31.761 DEBUG 10364 --- [    Test worker] tourGuide.service.TourGuideService       : Initializing users
2022-08-31 11:54:31.761 DEBUG 10364 --- [    Test worker] tourGuide.service.TourGuideService       : Created 0 internal test users.
2022-08-31 11:54:31.761 DEBUG 10364 --- [    Test worker] tourGuide.service.TourGuideService       : Finished initializing users
2022-08-31 11:54:31.762 DEBUG 10364 --- [ool-28-thread-1] tourGuide.tracker.Tracker                : Tracker stopping
2022-08-31 11:54:31.776  INFO 10364 --- [    Test worker] tourGuide.service.TourGuideService       : TestMode enabled
2022-08-31 11:54:31.777 DEBUG 10364 --- [    Test worker] tourGuide.service.TourGuideService       : Initializing users
2022-08-31 11:54:31.780 DEBUG 10364 --- [    Test worker] tourGuide.service.TourGuideService       : Created 100 internal test users.
2022-08-31 11:54:31.781 DEBUG 10364 --- [    Test worker] tourGuide.service.TourGuideService       : Finished initializing users
2022-08-31 11:54:31.782 DEBUG 10364 --- [ool-31-thread-1] tourGuide.tracker.Tracker                : Begin Tracker. Tracking 100 users.
2022-08-31 11:54:31.796  INFO 10364 --- [    Test worker] tourGuide.service.TourGuideService       : TestMode enabled
2022-08-31 11:54:31.797 DEBUG 10364 --- [    Test worker] tourGuide.service.TourGuideService       : Initializing users
2022-08-31 11:54:31.797 DEBUG 10364 --- [    Test worker] tourGuide.service.TourGuideService       : Created 0 internal test users.
2022-08-31 11:54:31.797 DEBUG 10364 --- [    Test worker] tourGuide.service.TourGuideService       : Finished initializing users
2022-08-31 11:54:31.799 DEBUG 10364 --- [ool-34-thread-1] tourGuide.tracker.Tracker                : Begin Tracker. Tracking 0 users.
2022-08-31 11:54:31.799 DEBUG 10364 --- [ool-34-thread-1] tourGuide.tracker.Tracker                : Tracker Time Elapsed: 0 seconds.
2022-08-31 11:54:31.799 DEBUG 10364 --- [ool-34-thread-1] tourGuide.tracker.Tracker                : Tracker sleeping
2022-08-31 11:54:31.812  INFO 10364 --- [    Test worker] tourGuide.service.TourGuideService       : TestMode enabled
2022-08-31 11:54:31.813 DEBUG 10364 --- [    Test worker] tourGuide.service.TourGuideService       : Initializing users
2022-08-31 11:54:31.813 DEBUG 10364 --- [    Test worker] tourGuide.service.TourGuideService       : Created 0 internal test users.
2022-08-31 11:54:31.813 DEBUG 10364 --- [    Test worker] tourGuide.service.TourGuideService       : Finished initializing users
2022-08-31 11:54:31.814 DEBUG 10364 --- [ool-37-thread-1] tourGuide.tracker.Tracker                : Begin Tracker. Tracking 1 users.
2022-08-31 11:54:31.827  INFO 10364 --- [    Test worker] tourGuide.service.TourGuideService       : TestMode enabled
2022-08-31 11:54:31.827 DEBUG 10364 --- [    Test worker] tourGuide.service.TourGuideService       : Initializing users
2022-08-31 11:54:31.828 DEBUG 10364 --- [    Test worker] tourGuide.service.TourGuideService       : Created 0 internal test users.
2022-08-31 11:54:31.828 DEBUG 10364 --- [    Test worker] tourGuide.service.TourGuideService       : Finished initializing users
2022-08-31 11:54:31.829 DEBUG 10364 --- [ool-40-thread-1] tourGuide.tracker.Tracker                : Begin Tracker. Tracking 0 users.
2022-08-31 11:54:31.829 DEBUG 10364 --- [ool-40-thread-1] tourGuide.tracker.Tracker                : Tracker Time Elapsed: 0 seconds.
2022-08-31 11:54:31.829 DEBUG 10364 --- [ool-40-thread-1] tourGuide.tracker.Tracker                : Tracker sleeping
]]></system-out>
  <system-err><![CDATA[]]></system-err>
</testsuite>
